<?xml version="1.0" encoding="UTF-8"?>
<!-- Generated by org.testng.reporters.JUnitReportReporter -->
<testsuite skipped="0" hostname="MacBook-Air.local" name="com.crm.qa.testcases.LoginPageTest" tests="3" failures="0" timestamp="2023-02-01T20:27:56 EST" time="32.465" errors="0">
  <testcase name="loginPageTitleTest" time="7.927" classname="com.crm.qa.testcases.LoginPageTest"/>
  <testcase name="crmLogoImageTest" time="10.147" classname="com.crm.qa.testcases.LoginPageTest"/>
  <testcase name="loginTest" time="14.391" classname="com.crm.qa.testcases.LoginPageTest"/>
</testsuite> <!-- com.crm.qa.testcases.LoginPageTest -->
