<?xml version="1.0" encoding="UTF-8"?>
<!-- Generated by org.testng.reporters.JUnitReportReporter -->
<testsuite skipped="0" hostname="MacBook-Air.local" name="com.crm.qa.testcases.HomePageTest" tests="3" failures="0" timestamp="2023-02-01T20:07:08 EST" time="41.988" errors="0">
  <testcase name="verifyHomePageTitle" time="12.704" classname="com.crm.qa.testcases.HomePageTest"/>
  <testcase name="verifyCorrectUserName" time="14.150" classname="com.crm.qa.testcases.HomePageTest"/>
  <testcase name="verifyContactsLinkTest" time="15.134" classname="com.crm.qa.testcases.HomePageTest"/>
</testsuite> <!-- com.crm.qa.testcases.HomePageTest -->
