<?xml version="1.0" encoding="UTF-8"?>
<!-- Generated by org.testng.reporters.JUnitReportReporter -->
<testsuite hostname="MacBook-Air.local" failures="0" tests="3" name="com.crm.qa.testcases.HomePageTest" time="1.668" errors="0" timestamp="2 Feb 2023 03:15:39 GMT">
  <testcase classname="com.crm.qa.testcases.HomePageTest" name="verifyHomePageTitle" time="0.027"/>
  <testcase classname="com.crm.qa.testcases.HomePageTest" name="verifyCorrectUserName" time="0.195"/>
  <testcase classname="com.crm.qa.testcases.HomePageTest" name="verifyContactsLinkTest" time="1.446"/>
</testsuite>
