<?xml version="1.0" encoding="UTF-8"?>
<!-- Generated by org.testng.reporters.JUnitReportReporter -->
<testsuite hostname="MacBook-Air.local" failures="0" tests="3" name="com.crm.qa.testcases.LoginPageTest" time="5.788" errors="0" timestamp="2 Feb 2023 03:15:39 GMT">
  <testcase classname="com.crm.qa.testcases.LoginPageTest" name="loginPageTitleTest" time="0.179"/>
  <testcase classname="com.crm.qa.testcases.LoginPageTest" name="loginTest" time="5.159"/>
  <testcase classname="com.crm.qa.testcases.LoginPageTest" name="crmLogoImageTest" time="0.450"/>
</testsuite>
